  Blackjack_ve_class_tasarımı.cpp
c:\users\bariş\source\repos\blackjack_ve_class_tasarımı\blackjack_ve_class_tasarımı\blackjack_ve_class_tasarımı.cpp(195): warning C4244: 'bağımsız değişken': 'time_t' - 'unsigned int' dönüşümü; veri kaybı olabilir
c:\users\bariş\source\repos\blackjack_ve_class_tasarımı\blackjack_ve_class_tasarımı\blackjack_ve_class_tasarımı.cpp(194): warning C4101: 'devam': yerel değişken başvurusu kaldırıldı
  Blackjack_ve_class_tasarımı.vcxproj -> C:\Users\BARIŞ\source\repos\Blackjack_ve_class_tasarımı\Debug\Blackjack_ve_class_tasarımı.exe

Proje Performansı Özeti:
      877 ms  C:\Users\BARIŞ\source\repos\Blackjack_ve_class_tasarımı\Blackjack_ve_class_tasarımı\Blackjack_ve_class_tasarımı.vcxproj   1 çağrı
                877 ms  Build                                      1 çağrı

Hedef Performans Özeti:
        0 ms  AfterResourceCompile                       1 çağrı
        0 ms  PreLinkEvent                               1 çağrı
        0 ms  DoLinkOutputFilesMatch                     1 çağrı
        0 ms  PrepareResourceNames                       1 çağrı
        0 ms  CreateCustomManifestResourceNames          1 çağrı
        0 ms  SplitResourcesByCulture                    1 çağrı
        0 ms  ComputeManifestInputsTargets               1 çağrı
        0 ms  ComputeLinkInputsFromProject               1 çağrı
        0 ms  ComputeCLGeneratedLinkInputs               1 çağrı
        0 ms  ComputeCLOutputs                           1 çağrı
        0 ms  ComputeLinkImportLibraryOutputsForClean    1 çağrı
        0 ms  ComputeManifestGeneratedLinkerInputs       1 çağrı
        0 ms  ComputeRCOutputs                           1 çağrı
        0 ms  BeforeLink                                 1 çağrı
        0 ms  ComputeLegacyManifestEmbedding             1 çağrı
        0 ms  BuildLinkTraverse                          1 çağrı
        0 ms  BuildCompile                               1 çağrı
        0 ms  _BuildCompileAction                        1 çağrı
        0 ms  AfterBuildCompileEvent                     1 çağrı
        0 ms  _ResourceCompile                           1 çağrı
        0 ms  BeforeResourceCompile                      1 çağrı
        0 ms  ComputeRCGeneratedLinkInputs               1 çağrı
        0 ms  _ClCompile                                 1 çağrı
        0 ms  AfterLink                                  1 çağrı
        0 ms  _ALink                                     1 çağrı
        0 ms  AfterBuild                                 1 çağrı
        0 ms  BuildLink                                  1 çağrı
        0 ms  _BuildLinkAction                           1 çağrı
        0 ms  PostBuildEvent                             1 çağrı
        0 ms  PrepareForRun                              1 çağrı
        0 ms  CopyFilesToOutputDirectory                 1 çağrı
        0 ms  _CopySourceItemsToOutputDirectory          1 çağrı
        0 ms  GetCopyToOutputDirectoryItems              1 çağrı
        0 ms  GetCopyToOutputDirectoryXamlAppDefs        1 çağrı
        0 ms  _Link                                      1 çağrı
        0 ms  _Deploy                                    1 çağrı
        0 ms  _GenerateSatelliteAssemblyInputs           1 çağrı
        0 ms  _BscMake                                   1 çağrı
        0 ms  MakeDirsForBscMake                         1 çağrı
        0 ms  ComputeCLCompileGeneratedSbrFiles          1 çağrı
        0 ms  _XdcMake                                   1 çağrı
        0 ms  MakeDirsForXdcMake                         1 çağrı
        0 ms  ResolvedXDCMake                            1 çağrı
        0 ms  RegisterOutput                             1 çağrı
        0 ms  _Manifest                                  1 çağrı
        0 ms  CreateSatelliteAssemblies                  1 çağrı
        0 ms  AfterClCompile                             1 çağrı
        0 ms  Build                                      1 çağrı
        0 ms  SetTelemetryEnvironmentVariables           1 çağrı
        0 ms  CopyFileToFolders                          1 çağrı
        0 ms  ResolveProjectReferences                   1 çağrı
        0 ms  PreBuildEvent                              1 çağrı
        0 ms  GetFrameworkPaths                          1 çağrı
        0 ms  BeforeBuildGenerateSources                 1 çağrı
        0 ms  BuildGenerateSourcesTraverse               1 çağrı
        0 ms  _PrepareForBuild                           1 çağrı
        0 ms  SelectClCompile                            1 çağrı
        0 ms  GetReferenceAssemblyPaths                  1 çağrı
        0 ms  ResolveReferences                          1 çağrı
        0 ms  AfterResolveReferences                     1 çağrı
        0 ms  ResolveAssemblyReferences                  1 çağrı
        0 ms  ExpandSDKReferences                        1 çağrı
        0 ms  ResolveSDKReferences                       1 çağrı
        0 ms  GetResolvedWinMD                           1 çağrı
        0 ms  _SplitProjectReferencesByFileExistence     1 çağrı
        0 ms  SetCABuildNativeEnvironmentVariables       1 çağrı
        0 ms  PrepareProjectReferences                   1 çağrı
        0 ms  _CheckWindowsSDKInstalled                  1 çağrı
        0 ms  _Xsd                                       1 çağrı
        0 ms  ComputeMIDLGeneratedCompileInputs          1 çağrı
        0 ms  MakeDirsForCl                              1 çağrı
        0 ms  FixupCLCompileOptions                      1 çağrı
        0 ms  _PrepareForReferenceResolution             1 çağrı
        0 ms  BeforeResolveReferences                    1 çağrı
        0 ms  ComputeReferenceCLInput                    1 çağrı
        0 ms  MakeDirsForMidl                            1 çağrı
        0 ms  BeforeClCompile                            1 çağrı
        0 ms  ComputeCLInputPDBName                      1 çağrı
        0 ms  BuildGenerateSources                       1 çağrı
        0 ms  _BuildGenerateSourcesAction                1 çağrı
        0 ms  AfterBuildGenerateSourcesEvent             1 çağrı
        0 ms  AfterBuildGenerateSources                  1 çağrı
        0 ms  _Midl                                      1 çağrı
        0 ms  AfterMidl                                  1 çağrı
        0 ms  BuildCompileTraverse                       1 çağrı
        0 ms  PlatformPrepareForBuild                    1 çağrı
        1 ms  _HandlePackageFileConflicts                1 çağrı
        1 ms  SelectCustomBuild                          1 çağrı
        1 ms  MakeDirsForResourceCompile                 1 çağrı
        1 ms  ComputeCustomBuildOutput                   1 çağrı
        1 ms  _CheckForCompileOutputs                    1 çağrı
        1 ms  _GetProjectReferenceTargetFrameworkProperties   1 çağrı
        1 ms  SetBuildDefaultEnvironmentVariables        1 çağrı
        1 ms  ComputeCLCompileGeneratedXDCFiles          1 çağrı
        1 ms  _Appverifier                               1 çağrı
        1 ms  AssignTargetPaths                          1 çağrı
        1 ms  MakeDirsForLink                            1 çağrı
        1 ms  _SelectedFiles                             1 çağrı
        1 ms  AssignProjectConfiguration                 1 çağrı
        1 ms  ComputeLinkSwitches                        1 çağrı
        1 ms  WarnCompileDuplicatedFilename              1 çağrı
        2 ms  InitializeBuildStatus                      1 çağrı
        2 ms  _CheckForInvalidConfigurationAndPlatform   1 çağrı
        2 ms  FinalizeBuildStatus                        1 çağrı
        3 ms  PrepareForBuild                            1 çağrı
      225 ms  Link                                       1 çağrı
      625 ms  ClCompile                                  1 çağrı

Görev Performansı Özeti:
        0 ms  AssignProjectConfiguration                 1 çağrı
        0 ms  WriteLinesToFile                           1 çağrı
        0 ms  GetOutOfDateItems                          1 çağrı
        0 ms  AssignCulture                              1 çağrı
        0 ms  Delete                                     1 çağrı
        1 ms  ResolvePackageFileConflicts                1 çağrı
        1 ms  ReadLinesFromFile                          1 çağrı
        1 ms  MakeDir                                    9 çağrı
        1 ms  MSBuild                                    1 çağrı
        1 ms  SetEnv                                     8 çağrı
        1 ms  AssignTargetPath                           6 çağrı
        1 ms  Message                                    3 çağrı
        2 ms  Touch                                      2 çağrı
      224 ms  Link                                       1 çağrı
      625 ms  CL                                         2 çağrı
